Release 14.7 - xst P.20131013 (nt64)
Copyright (c) 1995-2013 Xilinx, Inc.  All rights reserved.
--> Parameter TMPDIR set to xst/projnav.tmp


Total REAL time to Xst completion: 0.00 secs
Total CPU time to Xst completion: 0.14 secs
 
--> Parameter xsthdpdir set to xst


Total REAL time to Xst completion: 0.00 secs
Total CPU time to Xst completion: 0.14 secs
 
--> Reading design: led_demo.prj

TABLE OF CONTENTS
  1) Synthesis Options Summary
  2) HDL Compilation
  3) Design Hierarchy Analysis
  4) HDL Analysis
  5) HDL Synthesis
     5.1) HDL Synthesis Report
  6) Advanced HDL Synthesis
     6.1) Advanced HDL Synthesis Report
  7) Low Level Synthesis
  8) Partition Report
  9) Final Report
	9.1) Device utilization summary
	9.2) Partition Resource Summary
	9.3) TIMING REPORT


=========================================================================
*                      Synthesis Options Summary                        *
=========================================================================
---- Source Parameters
Input File Name                    : "led_demo.prj"
Input Format                       : mixed
Ignore Synthesis Constraint File   : NO

---- Target Parameters
Output File Name                   : "led_demo"
Output Format                      : NGC
Target Device                      : xc3s200a-4-vq100

---- Source Options
Top Module Name                    : led_demo
Automatic FSM Extraction           : YES
FSM Encoding Algorithm             : Auto
Safe Implementation                : No
FSM Style                          : LUT
RAM Extraction                     : Yes
RAM Style                          : Auto
ROM Extraction                     : Yes
Mux Style                          : Auto
Decoder Extraction                 : YES
Priority Encoder Extraction        : Yes
Shift Register Extraction          : YES
Logical Shifter Extraction         : YES
XOR Collapsing                     : YES
ROM Style                          : Auto
Mux Extraction                     : Yes
Resource Sharing                   : YES
Asynchronous To Synchronous        : NO
Multiplier Style                   : Auto
Automatic Register Balancing       : No

---- Target Options
Add IO Buffers                     : YES
Global Maximum Fanout              : 100000
Add Generic Clock Buffer(BUFG)     : 24
Register Duplication               : YES
Slice Packing                      : YES
Optimize Instantiated Primitives   : NO
Use Clock Enable                   : Yes
Use Synchronous Set                : Yes
Use Synchronous Reset              : Yes
Pack IO Registers into IOBs        : Auto
Equivalent register Removal        : YES

---- General Options
Optimization Goal                  : Speed
Optimization Effort                : 1
Keep Hierarchy                     : No
Netlist Hierarchy                  : As_Optimized
RTL Output                         : Yes
Global Optimization                : AllClockNets
Read Cores                         : YES
Write Timing Constraints           : NO
Cross Clock Analysis               : NO
Hierarchy Separator                : /
Bus Delimiter                      : <>
Case Specifier                     : Maintain
Slice Utilization Ratio            : 100
BRAM Utilization Ratio             : 100
Verilog 2001                       : YES
Auto BRAM Packing                  : NO
Slice Utilization Ratio Delta      : 5

=========================================================================


=========================================================================
*                          HDL Compilation                              *
=========================================================================
Compiling vhdl file "C:/Users/ptdec/OneDrive/Documents/MercuryFPGA/led_demo/led_demo.vhd" in Library work.
Entity <led_demo> compiled.
Entity <led_demo> (Architecture <rtl>) compiled.

=========================================================================
*                     Design Hierarchy Analysis                         *
=========================================================================
Analyzing hierarchy for entity <led_demo> in library <work> (architecture <rtl>).


=========================================================================
*                            HDL Analysis                               *
=========================================================================
Analyzing Entity <led_demo> in library <work> (Architecture <rtl>).
Entity <led_demo> analyzed. Unit <led_demo> generated.


=========================================================================
*                           HDL Synthesis                               *
=========================================================================

Performing bidirectional port resolution...

Synthesizing Unit <led_demo>.
    Related source file is "C:/Users/ptdec/OneDrive/Documents/MercuryFPGA/led_demo/led_demo.vhd".
    Found 26-bit up counter for signal <count>.
    Found 1-bit register for signal <pulse>.
    Summary:
	inferred   1 Counter(s).
	inferred   1 D-type flip-flop(s).
Unit <led_demo> synthesized.


=========================================================================
HDL Synthesis Report

Macro Statistics
# Counters                                             : 1
 26-bit up counter                                     : 1
# Registers                                            : 1
 1-bit register                                        : 1

=========================================================================

=========================================================================
*                       Advanced HDL Synthesis                          *
=========================================================================


=========================================================================
Advanced HDL Synthesis Report

Macro Statistics
# Counters                                             : 1
 26-bit up counter                                     : 1
# Registers                                            : 1
 Flip-Flops                                            : 1

=========================================================================

=========================================================================
*                         Low Level Synthesis                           *
=========================================================================

Optimizing unit <led_demo> ...

Mapping all equations...
Building and optimizing final netlist ...
Found area constraint ratio of 100 (+ 5) on block led_demo, actual ratio is 1.

Final Macro Processing ...

=========================================================================
Final Register Report

Macro Statistics
# Registers                                            : 27
 Flip-Flops                                            : 27

=========================================================================

=========================================================================
*                           Partition Report                            *
=========================================================================

Partition Implementation Status
-------------------------------

  No Partitions were found in this design.

-------------------------------

=========================================================================
*                            Final Report                               *
=========================================================================
Final Results
RTL Top Level Output File Name     : led_demo.ngr
Top Level Output File Name         : led_demo
Output Format                      : NGC
Optimization Goal                  : Speed
Keep Hierarchy                     : No

Design Statistics
# IOs                              : 9

Cell Usage :
# BELS                             : 94
#      GND                         : 1
#      INV                         : 2
#      LUT1                        : 25
#      LUT2                        : 1
#      LUT4                        : 6
#      MUXCY                       : 32
#      VCC                         : 1
#      XORCY                       : 26
# FlipFlops/Latches                : 27
#      FDE                         : 1
#      FDR                         : 26
# Clock Buffers                    : 1
#      BUFGP                       : 1
# IO Buffers                       : 8
#      OBUF                        : 8
=========================================================================

Device utilization summary:
---------------------------

Selected Device : 3s200avq100-4 

 Number of Slices:                       18  out of   1792     1%  
 Number of Slice Flip Flops:             27  out of   3584     0%  
 Number of 4 input LUTs:                 34  out of   3584     0%  
 Number of IOs:                           9
 Number of bonded IOBs:                   9  out of     68    13%  
 Number of GCLKs:                         1  out of     24     4%  

---------------------------
Partition Resource Summary:
---------------------------

  No Partitions were found in this design.

---------------------------


=========================================================================
TIMING REPORT

NOTE: THESE TIMING NUMBERS ARE ONLY A SYNTHESIS ESTIMATE.
      FOR ACCURATE TIMING INFORMATION PLEASE REFER TO THE TRACE REPORT
      GENERATED AFTER PLACE-and-ROUTE.

Clock Information:
------------------
-----------------------------------+------------------------+-------+
Clock Signal                       | Clock buffer(FF name)  | Load  |
-----------------------------------+------------------------+-------+
CLK                                | BUFGP                  | 27    |
-----------------------------------+------------------------+-------+

Asynchronous Control Signals Information:
----------------------------------------
No asynchronous control signals found in this design

Timing Summary:
---------------
Speed Grade: -4

   Minimum period: 5.057ns (Maximum Frequency: 197.760MHz)
   Minimum input arrival time before clock: No path found
   Maximum output required time after clock: 5.744ns
   Maximum combinational path delay: No path found

Timing Detail:
--------------
All values displayed in nanoseconds (ns)

=========================================================================
Timing constraint: Default period analysis for Clock 'CLK'
  Clock period: 5.057ns (frequency: 197.760MHz)
  Total number of paths / destination ports: 1054 / 54
-------------------------------------------------------------------------
Delay:               5.057ns (Levels of Logic = 8)
  Source:            count_5 (FF)
  Destination:       count_0 (FF)
  Source Clock:      CLK rising
  Destination Clock: CLK rising

  Data Path: count_5 to count_0
                                Gate     Net
    Cell:in->out      fanout   Delay   Delay  Logical Name (Net Name)
    ----------------------------------------  ------------
     FDR:C->Q              2   0.591   0.590  count_5 (count_5)
     LUT2:I0->O            1   0.648   0.000  count_cmp_eq0000_wg_lut<0> (count_cmp_eq0000_wg_lut<0>)
     MUXCY:S->O            1   0.632   0.000  count_cmp_eq0000_wg_cy<0> (count_cmp_eq0000_wg_cy<0>)
     MUXCY:CI->O           1   0.065   0.000  count_cmp_eq0000_wg_cy<1> (count_cmp_eq0000_wg_cy<1>)
     MUXCY:CI->O           1   0.065   0.000  count_cmp_eq0000_wg_cy<2> (count_cmp_eq0000_wg_cy<2>)
     MUXCY:CI->O           1   0.065   0.000  count_cmp_eq0000_wg_cy<3> (count_cmp_eq0000_wg_cy<3>)
     MUXCY:CI->O           1   0.065   0.000  count_cmp_eq0000_wg_cy<4> (count_cmp_eq0000_wg_cy<4>)
     MUXCY:CI->O           1   0.065   0.000  count_cmp_eq0000_wg_cy<5> (count_cmp_eq0000_wg_cy<5>)
     MUXCY:CI->O          27   0.141   1.261  count_cmp_eq0000_wg_cy<6> (count_cmp_eq0000)
     FDR:R                     0.869          count_0
    ----------------------------------------
    Total                      5.057ns (3.206ns logic, 1.851ns route)
                                       (63.4% logic, 36.6% route)

=========================================================================
Timing constraint: Default OFFSET OUT AFTER for Clock 'CLK'
  Total number of paths / destination ports: 4 / 4
-------------------------------------------------------------------------
Offset:              5.744ns (Levels of Logic = 1)
  Source:            pulse (FF)
  Destination:       LED<0> (PAD)
  Source Clock:      CLK rising

  Data Path: pulse to LED<0>
                                Gate     Net
    Cell:in->out      fanout   Delay   Delay  Logical Name (Net Name)
    ----------------------------------------  ------------
     FDE:C->Q              5   0.591   0.633  pulse (pulse)
     OBUF:I->O                 4.520          LED_0_OBUF (LED<0>)
    ----------------------------------------
    Total                      5.744ns (5.111ns logic, 0.633ns route)
                                       (89.0% logic, 11.0% route)

=========================================================================


Total REAL time to Xst completion: 5.00 secs
Total CPU time to Xst completion: 5.19 secs
 
--> 

Total memory usage is 4534748 kilobytes

Number of errors   :    0 (   0 filtered)
Number of warnings :    0 (   0 filtered)
Number of infos    :    0 (   0 filtered)

