Release 14.7 - xst P.20131013 (nt64)
Copyright (c) 1995-2013 Xilinx, Inc.  All rights reserved.
--> Parameter TMPDIR set to xst/projnav.tmp


Total REAL time to Xst completion: 0.00 secs
Total CPU time to Xst completion: 0.31 secs
 
--> Parameter xsthdpdir set to xst


Total REAL time to Xst completion: 0.00 secs
Total CPU time to Xst completion: 0.31 secs
 
--> Reading design: slideswich.prj

TABLE OF CONTENTS
  1) Synthesis Options Summary
  2) HDL Compilation
  3) Design Hierarchy Analysis
  4) HDL Analysis
  5) HDL Synthesis
     5.1) HDL Synthesis Report
  6) Advanced HDL Synthesis
     6.1) Advanced HDL Synthesis Report
  7) Low Level Synthesis
  8) Partition Report
  9) Final Report
	9.1) Device utilization summary
	9.2) Partition Resource Summary
	9.3) TIMING REPORT


=========================================================================
*                      Synthesis Options Summary                        *
=========================================================================
---- Source Parameters
Input File Name                    : "slideswich.prj"
Input Format                       : mixed
Ignore Synthesis Constraint File   : NO

---- Target Parameters
Output File Name                   : "slideswich"
Output Format                      : NGC
Target Device                      : xc3s200a-4-vq100

---- Source Options
Top Module Name                    : slideswich
Automatic FSM Extraction           : YES
FSM Encoding Algorithm             : Auto
Safe Implementation                : No
FSM Style                          : LUT
RAM Extraction                     : Yes
RAM Style                          : Auto
ROM Extraction                     : Yes
Mux Style                          : Auto
Decoder Extraction                 : YES
Priority Encoder Extraction        : Yes
Shift Register Extraction          : YES
Logical Shifter Extraction         : YES
XOR Collapsing                     : YES
ROM Style                          : Auto
Mux Extraction                     : Yes
Resource Sharing                   : YES
Asynchronous To Synchronous        : NO
Multiplier Style                   : Auto
Automatic Register Balancing       : No

---- Target Options
Add IO Buffers                     : YES
Global Maximum Fanout              : 100000
Add Generic Clock Buffer(BUFG)     : 24
Register Duplication               : YES
Slice Packing                      : YES
Optimize Instantiated Primitives   : NO
Use Clock Enable                   : Yes
Use Synchronous Set                : Yes
Use Synchronous Reset              : Yes
Pack IO Registers into IOBs        : Auto
Equivalent register Removal        : YES

---- General Options
Optimization Goal                  : Speed
Optimization Effort                : 1
Keep Hierarchy                     : No
Netlist Hierarchy                  : As_Optimized
RTL Output                         : Yes
Global Optimization                : AllClockNets
Read Cores                         : YES
Write Timing Constraints           : NO
Cross Clock Analysis               : NO
Hierarchy Separator                : /
Bus Delimiter                      : <>
Case Specifier                     : Maintain
Slice Utilization Ratio            : 100
BRAM Utilization Ratio             : 100
Verilog 2001                       : YES
Auto BRAM Packing                  : NO
Slice Utilization Ratio Delta      : 5

=========================================================================


=========================================================================
*                          HDL Compilation                              *
=========================================================================
Compiling vhdl file "C:/Users/ptdec/OneDrive/Documents/MercuryFPGA/slideswitch/slideswitch.vhd" in Library work.
Entity <slideswitch> compiled.
ERROR:HDLParsers:3010 - "C:/Users/ptdec/OneDrive/Documents/MercuryFPGA/slideswitch/slideswitch.vhd" Line 21. Entity slideswich does not exist.
ERROR:HDLParsers:3312 - "C:/Users/ptdec/OneDrive/Documents/MercuryFPGA/slideswitch/slideswitch.vhd" Line 22. Undefined symbol 'STD_LOGIC_VECTOR'.
ERROR:HDLParsers:1209 - "C:/Users/ptdec/OneDrive/Documents/MercuryFPGA/slideswitch/slideswitch.vhd" Line 22. STD_LOGIC_VECTOR: Undefined symbol (last report in this block)
ERROR:HDLParsers:3312 - "C:/Users/ptdec/OneDrive/Documents/MercuryFPGA/slideswitch/slideswitch.vhd" Line 23. Undefined symbol 'STD_LOGIC'.
ERROR:HDLParsers:1209 - "C:/Users/ptdec/OneDrive/Documents/MercuryFPGA/slideswitch/slideswitch.vhd" Line 23. STD_LOGIC: Undefined symbol (last report in this block)
ERROR:HDLParsers:3312 - "C:/Users/ptdec/OneDrive/Documents/MercuryFPGA/slideswitch/slideswitch.vhd" Line 24. Undefined symbol 'counter_size'.
ERROR:HDLParsers:1209 - "C:/Users/ptdec/OneDrive/Documents/MercuryFPGA/slideswitch/slideswitch.vhd" Line 24. counter_size: Undefined symbol (last report in this block)
ERROR:HDLParsers:3312 - "C:/Users/ptdec/OneDrive/Documents/MercuryFPGA/slideswitch/slideswitch.vhd" Line 25. Undefined symbol 'std_logic'.
ERROR:HDLParsers:1209 - "C:/Users/ptdec/OneDrive/Documents/MercuryFPGA/slideswitch/slideswitch.vhd" Line 25. std_logic: Undefined symbol (last report in this block)
ERROR:HDLParsers:3313 - "C:/Users/ptdec/OneDrive/Documents/MercuryFPGA/slideswitch/slideswitch.vhd" Line 32. Undefined symbol 'AN'.  Should it be: oN or iN?
ERROR:HDLParsers:3312 - "C:/Users/ptdec/OneDrive/Documents/MercuryFPGA/slideswitch/slideswitch.vhd" Line 35. Undefined symbol 'button'.
ERROR:HDLParsers:3312 - "C:/Users/ptdec/OneDrive/Documents/MercuryFPGA/slideswitch/slideswitch.vhd" Line 35. Undefined symbol 'SW'.
ERROR:HDLParsers:1209 - "C:/Users/ptdec/OneDrive/Documents/MercuryFPGA/slideswitch/slideswitch.vhd" Line 35. SW: Undefined symbol (last report in this block)
ERROR:HDLParsers:3312 - "C:/Users/ptdec/OneDrive/Documents/MercuryFPGA/slideswitch/slideswitch.vhd" Line 38. Undefined symbol 'counter_set'.
ERROR:HDLParsers:3312 - "C:/Users/ptdec/OneDrive/Documents/MercuryFPGA/slideswitch/slideswitch.vhd" Line 38. Undefined symbol 'flipflops'.
ERROR:HDLParsers:1209 - "C:/Users/ptdec/OneDrive/Documents/MercuryFPGA/slideswitch/slideswitch.vhd" Line 38. flipflops: Undefined symbol (last report in this block)
ERROR:HDLParsers:3312 - "C:/Users/ptdec/OneDrive/Documents/MercuryFPGA/slideswitch/slideswitch.vhd" Line 41. Undefined symbol 'LED'.
ERROR:HDLParsers:1209 - "C:/Users/ptdec/OneDrive/Documents/MercuryFPGA/slideswitch/slideswitch.vhd" Line 41. LED: Undefined symbol (last report in this block)
ERROR:HDLParsers:3312 - "C:/Users/ptdec/OneDrive/Documents/MercuryFPGA/slideswitch/slideswitch.vhd" Line 41. Undefined symbol 'toggle'.
ERROR:HDLParsers:1209 - "C:/Users/ptdec/OneDrive/Documents/MercuryFPGA/slideswitch/slideswitch.vhd" Line 41. toggle: Undefined symbol (last report in this block)
ERROR:HDLParsers:3312 - "C:/Users/ptdec/OneDrive/Documents/MercuryFPGA/slideswitch/slideswitch.vhd" Line 44. Undefined symbol 'CLK'.
ERROR:HDLParsers:1209 - "C:/Users/ptdec/OneDrive/Documents/MercuryFPGA/slideswitch/slideswitch.vhd" Line 44. CLK: Undefined symbol (last report in this block)
ERROR:HDLParsers:808 - "C:/Users/ptdec/OneDrive/Documents/MercuryFPGA/slideswitch/slideswitch.vhd" Line 46. = can not have such operands in this context.
ERROR:HDLParsers:1209 - "C:/Users/ptdec/OneDrive/Documents/MercuryFPGA/slideswitch/slideswitch.vhd" Line 47. button: Undefined symbol (last report in this block)
ERROR:HDLParsers:808 - "C:/Users/ptdec/OneDrive/Documents/MercuryFPGA/slideswitch/slideswitch.vhd" Line 49. = can not have such operands in this context.
ERROR:HDLParsers:3312 - "C:/Users/ptdec/OneDrive/Documents/MercuryFPGA/slideswitch/slideswitch.vhd" Line 50. Undefined symbol 'counter_out'.
ERROR:HDLParsers:1209 - "C:/Users/ptdec/OneDrive/Documents/MercuryFPGA/slideswitch/slideswitch.vhd" Line 52. counter_out: Undefined symbol (last report in this block)
ERROR:HDLParsers:3312 - "C:/Users/ptdec/OneDrive/Documents/MercuryFPGA/slideswitch/slideswitch.vhd" Line 54. Undefined symbol 'result'.
WARNING:HDLParsers:1406 - "C:/Users/ptdec/OneDrive/Documents/MercuryFPGA/slideswitch/slideswitch.vhd" Line 44. No sensitivity list and no wait in the process
ERROR:HDLParsers:3312 - "C:/Users/ptdec/OneDrive/Documents/MercuryFPGA/slideswitch/slideswitch.vhd" Line 60. Undefined symbol 'result'.
ERROR:HDLParsers:1209 - "C:/Users/ptdec/OneDrive/Documents/MercuryFPGA/slideswitch/slideswitch.vhd" Line 60. result: Undefined symbol (last report in this block)
ERROR:HDLParsers:808 - "C:/Users/ptdec/OneDrive/Documents/MercuryFPGA/slideswitch/slideswitch.vhd" Line 62. = can not have such operands in this context.
ERROR:HDLParsers:808 - "C:/Users/ptdec/OneDrive/Documents/MercuryFPGA/slideswitch/slideswitch.vhd" Line 63. = can not have such operands in this context.
ERROR:HDLParsers:3312 - "C:/Users/ptdec/OneDrive/Documents/MercuryFPGA/slideswitch/slideswitch.vhd" Line 64. Undefined symbol 'toggle'.
ERROR:HDLParsers:1209 - "C:/Users/ptdec/OneDrive/Documents/MercuryFPGA/slideswitch/slideswitch.vhd" Line 66. toggle: Undefined symbol (last report in this block)
WARNING:HDLParsers:1406 - "C:/Users/ptdec/OneDrive/Documents/MercuryFPGA/slideswitch/slideswitch.vhd" Line 60. No sensitivity list and no wait in the process
--> 

Total memory usage is 4516748 kilobytes

Number of errors   :   34 (   0 filtered)
Number of warnings :    2 (   0 filtered)
Number of infos    :    0 (   0 filtered)

