Release 14.7 - xst P.20131013 (nt64)
Copyright (c) 1995-2013 Xilinx, Inc.  All rights reserved.
--> Parameter TMPDIR set to xst/projnav.tmp


Total REAL time to Xst completion: 0.00 secs
Total CPU time to Xst completion: 0.16 secs
 
--> Parameter xsthdpdir set to xst


Total REAL time to Xst completion: 0.00 secs
Total CPU time to Xst completion: 0.16 secs
 
--> Reading design: slideswitch.prj

TABLE OF CONTENTS
  1) Synthesis Options Summary
  2) HDL Compilation
  3) Design Hierarchy Analysis
  4) HDL Analysis
  5) HDL Synthesis
     5.1) HDL Synthesis Report
  6) Advanced HDL Synthesis
     6.1) Advanced HDL Synthesis Report
  7) Low Level Synthesis
  8) Partition Report
  9) Final Report
	9.1) Device utilization summary
	9.2) Partition Resource Summary
	9.3) TIMING REPORT


=========================================================================
*                      Synthesis Options Summary                        *
=========================================================================
---- Source Parameters
Input File Name                    : "slideswitch.prj"
Input Format                       : mixed
Ignore Synthesis Constraint File   : NO

---- Target Parameters
Output File Name                   : "slideswitch"
Output Format                      : NGC
Target Device                      : xc3s200a-4-vq100

---- Source Options
Top Module Name                    : slideswitch
Automatic FSM Extraction           : YES
FSM Encoding Algorithm             : Auto
Safe Implementation                : No
FSM Style                          : LUT
RAM Extraction                     : Yes
RAM Style                          : Auto
ROM Extraction                     : Yes
Mux Style                          : Auto
Decoder Extraction                 : YES
Priority Encoder Extraction        : Yes
Shift Register Extraction          : YES
Logical Shifter Extraction         : YES
XOR Collapsing                     : YES
ROM Style                          : Auto
Mux Extraction                     : Yes
Resource Sharing                   : YES
Asynchronous To Synchronous        : NO
Multiplier Style                   : Auto
Automatic Register Balancing       : No

---- Target Options
Add IO Buffers                     : YES
Global Maximum Fanout              : 100000
Add Generic Clock Buffer(BUFG)     : 24
Register Duplication               : YES
Slice Packing                      : YES
Optimize Instantiated Primitives   : NO
Use Clock Enable                   : Yes
Use Synchronous Set                : Yes
Use Synchronous Reset              : Yes
Pack IO Registers into IOBs        : Auto
Equivalent register Removal        : YES

---- General Options
Optimization Goal                  : Speed
Optimization Effort                : 1
Keep Hierarchy                     : No
Netlist Hierarchy                  : As_Optimized
RTL Output                         : Yes
Global Optimization                : AllClockNets
Read Cores                         : YES
Write Timing Constraints           : NO
Cross Clock Analysis               : NO
Hierarchy Separator                : /
Bus Delimiter                      : <>
Case Specifier                     : Maintain
Slice Utilization Ratio            : 100
BRAM Utilization Ratio             : 100
Verilog 2001                       : YES
Auto BRAM Packing                  : NO
Slice Utilization Ratio Delta      : 5

=========================================================================


=========================================================================
*                          HDL Compilation                              *
=========================================================================
Compiling vhdl file "C:/Users/ptdec/OneDrive/Documents/MercuryFPGA/slideswitch/slideswitch.vhd" in Library work.
Entity <slideswitch> compiled.
Entity <slideswitch> (Architecture <behavioral>) compiled.

=========================================================================
*                     Design Hierarchy Analysis                         *
=========================================================================
Analyzing hierarchy for entity <slideswitch> in library <work> (architecture <behavioral>) with generics.
	counter_size = 19


=========================================================================
*                            HDL Analysis                               *
=========================================================================
Analyzing generic Entity <slideswitch> in library <work> (Architecture <behavioral>).
	counter_size = 19
Entity <slideswitch> analyzed. Unit <slideswitch> generated.


=========================================================================
*                           HDL Synthesis                               *
=========================================================================

Performing bidirectional port resolution...

Synthesizing Unit <slideswitch>.
    Related source file is "C:/Users/ptdec/OneDrive/Documents/MercuryFPGA/slideswitch/slideswitch.vhd".
    Found 20-bit up counter for signal <counter_out>.
    Found 1-bit xor2 for signal <counter_out$xor0000> created at line 46.
    Found 2-bit register for signal <flipflops>.
    Found 1-bit register for signal <result>.
    Summary:
	inferred   1 Counter(s).
	inferred   3 D-type flip-flop(s).
Unit <slideswitch> synthesized.


=========================================================================
HDL Synthesis Report

Macro Statistics
# Counters                                             : 1
 20-bit up counter                                     : 1
# Registers                                            : 3
 1-bit register                                        : 3
# Xors                                                 : 1
 1-bit xor2                                            : 1

=========================================================================

=========================================================================
*                       Advanced HDL Synthesis                          *
=========================================================================


=========================================================================
Advanced HDL Synthesis Report

Macro Statistics
# Counters                                             : 1
 20-bit up counter                                     : 1
# Registers                                            : 3
 Flip-Flops                                            : 3
# Xors                                                 : 1
 1-bit xor2                                            : 1

=========================================================================

=========================================================================
*                         Low Level Synthesis                           *
=========================================================================

Optimizing unit <slideswitch> ...

Mapping all equations...
Building and optimizing final netlist ...
Found area constraint ratio of 100 (+ 5) on block slideswitch, actual ratio is 0.

Final Macro Processing ...

=========================================================================
Final Register Report

Macro Statistics
# Registers                                            : 23
 Flip-Flops                                            : 23

=========================================================================

=========================================================================
*                           Partition Report                            *
=========================================================================

Partition Implementation Status
-------------------------------

  No Partitions were found in this design.

-------------------------------

=========================================================================
*                            Final Report                               *
=========================================================================
Final Results
RTL Top Level Output File Name     : slideswitch.ngr
Top Level Output File Name         : slideswitch
Output Format                      : NGC
Optimization Goal                  : Speed
Keep Hierarchy                     : No

Design Statistics
# IOs                              : 8

Cell Usage :
# BELS                             : 65
#      GND                         : 1
#      INV                         : 3
#      LUT1                        : 19
#      LUT2                        : 1
#      LUT3                        : 1
#      MUXCY                       : 19
#      VCC                         : 1
#      XORCY                       : 20
# FlipFlops/Latches                : 23
#      FD                          : 2
#      FDE                         : 1
#      FDRE                        : 20
# Clock Buffers                    : 1
#      BUFGP                       : 1
# IO Buffers                       : 7
#      IBUF                        : 1
#      OBUF                        : 6
=========================================================================

Device utilization summary:
---------------------------

Selected Device : 3s200avq100-4 

 Number of Slices:                       12  out of   1792     0%  
 Number of Slice Flip Flops:             23  out of   3584     0%  
 Number of 4 input LUTs:                 24  out of   3584     0%  
 Number of IOs:                           8
 Number of bonded IOBs:                   8  out of     68    11%  
 Number of GCLKs:                         1  out of     24     4%  

---------------------------
Partition Resource Summary:
---------------------------

  No Partitions were found in this design.

---------------------------


=========================================================================
TIMING REPORT

NOTE: THESE TIMING NUMBERS ARE ONLY A SYNTHESIS ESTIMATE.
      FOR ACCURATE TIMING INFORMATION PLEASE REFER TO THE TRACE REPORT
      GENERATED AFTER PLACE-and-ROUTE.

Clock Information:
------------------
-----------------------------------+------------------------+-------+
Clock Signal                       | Clock buffer(FF name)  | Load  |
-----------------------------------+------------------------+-------+
CLK                                | BUFGP                  | 23    |
-----------------------------------+------------------------+-------+

Asynchronous Control Signals Information:
----------------------------------------
No asynchronous control signals found in this design

Timing Summary:
---------------
Speed Grade: -4

   Minimum period: 4.635ns (Maximum Frequency: 215.750MHz)
   Minimum input arrival time before clock: 1.521ns
   Maximum output required time after clock: 6.626ns
   Maximum combinational path delay: No path found

Timing Detail:
--------------
All values displayed in nanoseconds (ns)

=========================================================================
Timing constraint: Default period analysis for Clock 'CLK'
  Clock period: 4.635ns (frequency: 215.750MHz)
  Total number of paths / destination ports: 275 / 63
-------------------------------------------------------------------------
Delay:               4.635ns (Levels of Logic = 20)
  Source:            counter_out_1 (FF)
  Destination:       counter_out_19 (FF)
  Source Clock:      CLK rising
  Destination Clock: CLK rising

  Data Path: counter_out_1 to counter_out_19
                                Gate     Net
    Cell:in->out      fanout   Delay   Delay  Logical Name (Net Name)
    ----------------------------------------  ------------
     FDRE:C->Q             1   0.591   0.563  counter_out_1 (counter_out_1)
     LUT1:I0->O            1   0.648   0.000  Mcount_counter_out_cy<1>_rt (Mcount_counter_out_cy<1>_rt)
     MUXCY:S->O            1   0.632   0.000  Mcount_counter_out_cy<1> (Mcount_counter_out_cy<1>)
     MUXCY:CI->O           1   0.065   0.000  Mcount_counter_out_cy<2> (Mcount_counter_out_cy<2>)
     MUXCY:CI->O           1   0.065   0.000  Mcount_counter_out_cy<3> (Mcount_counter_out_cy<3>)
     MUXCY:CI->O           1   0.065   0.000  Mcount_counter_out_cy<4> (Mcount_counter_out_cy<4>)
     MUXCY:CI->O           1   0.065   0.000  Mcount_counter_out_cy<5> (Mcount_counter_out_cy<5>)
     MUXCY:CI->O           1   0.065   0.000  Mcount_counter_out_cy<6> (Mcount_counter_out_cy<6>)
     MUXCY:CI->O           1   0.065   0.000  Mcount_counter_out_cy<7> (Mcount_counter_out_cy<7>)
     MUXCY:CI->O           1   0.065   0.000  Mcount_counter_out_cy<8> (Mcount_counter_out_cy<8>)
     MUXCY:CI->O           1   0.065   0.000  Mcount_counter_out_cy<9> (Mcount_counter_out_cy<9>)
     MUXCY:CI->O           1   0.065   0.000  Mcount_counter_out_cy<10> (Mcount_counter_out_cy<10>)
     MUXCY:CI->O           1   0.065   0.000  Mcount_counter_out_cy<11> (Mcount_counter_out_cy<11>)
     MUXCY:CI->O           1   0.065   0.000  Mcount_counter_out_cy<12> (Mcount_counter_out_cy<12>)
     MUXCY:CI->O           1   0.065   0.000  Mcount_counter_out_cy<13> (Mcount_counter_out_cy<13>)
     MUXCY:CI->O           1   0.065   0.000  Mcount_counter_out_cy<14> (Mcount_counter_out_cy<14>)
     MUXCY:CI->O           1   0.065   0.000  Mcount_counter_out_cy<15> (Mcount_counter_out_cy<15>)
     MUXCY:CI->O           1   0.065   0.000  Mcount_counter_out_cy<16> (Mcount_counter_out_cy<16>)
     MUXCY:CI->O           1   0.065   0.000  Mcount_counter_out_cy<17> (Mcount_counter_out_cy<17>)
     MUXCY:CI->O           0   0.065   0.000  Mcount_counter_out_cy<18> (Mcount_counter_out_cy<18>)
     XORCY:CI->O           1   0.844   0.000  Mcount_counter_out_xor<19> (Result<19>)
     FDRE:D                    0.252          counter_out_19
    ----------------------------------------
    Total                      4.635ns (4.072ns logic, 0.563ns route)
                                       (87.9% logic, 12.1% route)

=========================================================================
Timing constraint: Default OFFSET IN BEFORE for Clock 'CLK'
  Total number of paths / destination ports: 1 / 1
-------------------------------------------------------------------------
Offset:              1.521ns (Levels of Logic = 1)
  Source:            SW0 (PAD)
  Destination:       flipflops_0 (FF)
  Destination Clock: CLK rising

  Data Path: SW0 to flipflops_0
                                Gate     Net
    Cell:in->out      fanout   Delay   Delay  Logical Name (Net Name)
    ----------------------------------------  ------------
     IBUF:I->O             1   0.849   0.420  SW0_IBUF (SW0_IBUF)
     FD:D                      0.252          flipflops_0
    ----------------------------------------
    Total                      1.521ns (1.101ns logic, 0.420ns route)
                                       (72.4% logic, 27.6% route)

=========================================================================
Timing constraint: Default OFFSET OUT AFTER for Clock 'CLK'
  Total number of paths / destination ports: 2 / 2
-------------------------------------------------------------------------
Offset:              6.626ns (Levels of Logic = 2)
  Source:            result (FF)
  Destination:       LED1 (PAD)
  Source Clock:      CLK rising

  Data Path: result to LED1
                                Gate     Net
    Cell:in->out      fanout   Delay   Delay  Logical Name (Net Name)
    ----------------------------------------  ------------
     FDE:C->Q              2   0.591   0.447  result (result)
     INV:I->O              1   0.648   0.420  LED11_INV_0 (LED1_OBUF)
     OBUF:I->O                 4.520          LED1_OBUF (LED1)
    ----------------------------------------
    Total                      6.626ns (5.759ns logic, 0.867ns route)
                                       (86.9% logic, 13.1% route)

=========================================================================


Total REAL time to Xst completion: 4.00 secs
Total CPU time to Xst completion: 4.53 secs
 
--> 

Total memory usage is 4534776 kilobytes

Number of errors   :    0 (   0 filtered)
Number of warnings :    0 (   0 filtered)
Number of infos    :    0 (   0 filtered)

